0 info it worked if it ends with ok
1 verbose cli [ '/usr/bin/nodejs',
1 verbose cli   '/usr/bin/npm',
1 verbose cli   'install',
1 verbose cli   '-g',
1 verbose cli   'generator-chrome-extension' ]
2 info using npm@1.3.10
3 info using node@v0.10.25
4 verbose cache add [ 'generator-chrome-extension', null ]
5 verbose cache add name=undefined spec="generator-chrome-extension" args=["generator-chrome-extension",null]
6 verbose parsed url { protocol: null,
6 verbose parsed url   slashes: null,
6 verbose parsed url   auth: null,
6 verbose parsed url   host: null,
6 verbose parsed url   port: null,
6 verbose parsed url   hostname: null,
6 verbose parsed url   hash: null,
6 verbose parsed url   search: null,
6 verbose parsed url   query: null,
6 verbose parsed url   pathname: 'generator-chrome-extension',
6 verbose parsed url   path: 'generator-chrome-extension',
6 verbose parsed url   href: 'generator-chrome-extension' }
7 silly lockFile fcfe2b79-generator-chrome-extension generator-chrome-extension
8 verbose lock generator-chrome-extension /home/ikay/.npm/fcfe2b79-generator-chrome-extension.lock
9 silly lockFile fcfe2b79-generator-chrome-extension generator-chrome-extension
10 silly lockFile fcfe2b79-generator-chrome-extension generator-chrome-extension
11 verbose addNamed [ 'generator-chrome-extension', '' ]
12 verbose addNamed [ null, '*' ]
13 silly lockFile 4f45b217-generator-chrome-extension generator-chrome-extension@
14 verbose lock generator-chrome-extension@ /home/ikay/.npm/4f45b217-generator-chrome-extension.lock
15 silly addNameRange { name: 'generator-chrome-extension',
15 silly addNameRange   range: '*',
15 silly addNameRange   hasData: false }
16 verbose url raw generator-chrome-extension
17 verbose url resolving [ 'https://registry.npmjs.org/',
17 verbose url resolving   './generator-chrome-extension' ]
18 verbose url resolved https://registry.npmjs.org/generator-chrome-extension
19 info trying registry request attempt 1 at 15:22:30
20 http GET https://registry.npmjs.org/generator-chrome-extension
21 http 200 https://registry.npmjs.org/generator-chrome-extension
22 silly registry.get cb [ 200,
22 silly registry.get   { date: 'Sat, 31 May 2014 13:22:31 GMT',
22 silly registry.get     server: 'CouchDB/1.5.0 (Erlang OTP/R14B04)',
22 silly registry.get     etag: '"ET2HTQMCLI3L8169N19VJ60ES"',
22 silly registry.get     'content-type': 'application/json',
22 silly registry.get     via: '1.1 varnish',
22 silly registry.get     'cache-control': 'max-age=1',
22 silly registry.get     'content-length': '17877',
22 silly registry.get     'accept-ranges': 'bytes',
22 silly registry.get     age: '0',
22 silly registry.get     'x-served-by': 'cache-v36-ASH, cache-ams4130-AMS',
22 silly registry.get     'x-cache': 'MISS, MISS',
22 silly registry.get     'x-cache-hits': '0, 0',
22 silly registry.get     'x-timer': 'S1401542551.082975,VS0,VE346',
22 silly registry.get     vary: 'Accept',
22 silly registry.get     'keep-alive': 'timeout=10, max=50',
22 silly registry.get     connection: 'Keep-Alive' } ]
23 silly addNameRange number 2 { name: 'generator-chrome-extension', range: '*', hasData: true }
24 silly addNameRange versions [ 'generator-chrome-extension',
24 silly addNameRange   [ '0.1.0',
24 silly addNameRange     '0.1.1',
24 silly addNameRange     '0.2.0',
24 silly addNameRange     '0.2.1',
24 silly addNameRange     '0.2.2',
24 silly addNameRange     '0.2.3',
24 silly addNameRange     '0.2.4',
24 silly addNameRange     '0.2.5',
24 silly addNameRange     '0.2.6',
24 silly addNameRange     '0.2.7' ] ]
25 verbose addNamed [ 'generator-chrome-extension', '0.2.7' ]
26 verbose addNamed [ '0.2.7', '0.2.7' ]
27 silly lockFile 73452555-generator-chrome-extension-0-2-7 generator-chrome-extension@0.2.7
28 verbose lock generator-chrome-extension@0.2.7 /home/ikay/.npm/73452555-generator-chrome-extension-0-2-7.lock
29 silly lockFile 8ba473a9-rator-chrome-extension-0-2-7-tgz https://registry.npmjs.org/generator-chrome-extension/-/generator-chrome-extension-0.2.7.tgz
30 verbose lock https://registry.npmjs.org/generator-chrome-extension/-/generator-chrome-extension-0.2.7.tgz /home/ikay/.npm/8ba473a9-rator-chrome-extension-0-2-7-tgz.lock
31 verbose addRemoteTarball [ 'https://registry.npmjs.org/generator-chrome-extension/-/generator-chrome-extension-0.2.7.tgz',
31 verbose addRemoteTarball   'afb29e79d0b02c1e43a0c1a2210ca3763a272d25' ]
32 silly lockFile 8ba473a9-rator-chrome-extension-0-2-7-tgz https://registry.npmjs.org/generator-chrome-extension/-/generator-chrome-extension-0.2.7.tgz
33 silly lockFile 8ba473a9-rator-chrome-extension-0-2-7-tgz https://registry.npmjs.org/generator-chrome-extension/-/generator-chrome-extension-0.2.7.tgz
34 silly lockFile 73452555-generator-chrome-extension-0-2-7 generator-chrome-extension@0.2.7
35 silly lockFile 73452555-generator-chrome-extension-0-2-7 generator-chrome-extension@0.2.7
36 silly lockFile 4f45b217-generator-chrome-extension generator-chrome-extension@
37 silly lockFile 4f45b217-generator-chrome-extension generator-chrome-extension@
38 error Error: EACCES, mkdir '/home/ikay/tmp/npm-7497-JlEVL5ag'
38 error  { [Error: EACCES, mkdir '/home/ikay/tmp/npm-7497-JlEVL5ag']
38 error   errno: 3,
38 error   code: 'EACCES',
38 error   path: '/home/ikay/tmp/npm-7497-JlEVL5ag' }
39 error Please try running this command again as root/Administrator.
40 error System Linux 3.13.0-24-generic
41 error command "/usr/bin/nodejs" "/usr/bin/npm" "install" "-g" "generator-chrome-extension"
42 error cwd /home/ikay/development/extensions/history
43 error node -v v0.10.25
44 error npm -v 1.3.10
45 error path /home/ikay/tmp/npm-7497-JlEVL5ag
46 error code EACCES
47 error errno 3
48 error stack Error: EACCES, mkdir '/home/ikay/tmp/npm-7497-JlEVL5ag'
49 verbose exit [ 3, true ]
